GAS LISTING /tmp/cc18FQhI.s 			page 1


   1              		.file	"_new.cpp"
   2              		.option pic
   3              		.option norelax
   4              		.text
   5              	.Ltext0:
   6              		.align	2
   7              		.globl	_Znwm
   9              	_Znwm:
  10              	.LFB23:
  11              		.file 1 "src/_new.cpp"
   1:src/_new.cpp  **** //
   2:src/_new.cpp  **** // Created by marko on 20.4.22..
   3:src/_new.cpp  **** //
   4:src/_new.cpp  **** 
   5:src/_new.cpp  **** #include "../lib/mem.h"
   6:src/_new.cpp  **** #include "../h/syscall_cpp.hpp"
   7:src/_new.cpp  **** #include "../h/memoryAllocator.hpp"
   8:src/_new.cpp  **** 
   9:src/_new.cpp  **** using size_t = decltype(sizeof(0));
  10:src/_new.cpp  **** 
  11:src/_new.cpp  **** //THEIR MEMORY
  12:src/_new.cpp  **** 
  13:src/_new.cpp  **** 
  14:src/_new.cpp  **** /*
  15:src/_new.cpp  **** void *operator new(size_t n)
  16:src/_new.cpp  **** {
  17:src/_new.cpp  ****     return __mem_alloc(n);
  18:src/_new.cpp  **** }
  19:src/_new.cpp  **** 
  20:src/_new.cpp  **** void *operator new[](size_t n)
  21:src/_new.cpp  **** {
  22:src/_new.cpp  ****     return __mem_alloc(n);
  23:src/_new.cpp  **** }
  24:src/_new.cpp  **** 
  25:src/_new.cpp  **** void operator delete(void *p) noexcept
  26:src/_new.cpp  **** {
  27:src/_new.cpp  ****     __mem_free(p);
  28:src/_new.cpp  **** }
  29:src/_new.cpp  **** 
  30:src/_new.cpp  **** void operator delete[](void *p) noexcept
  31:src/_new.cpp  **** {
  32:src/_new.cpp  ****     __mem_free(p);
  33:src/_new.cpp  **** }
  34:src/_new.cpp  **** */
  35:src/_new.cpp  **** 
  36:src/_new.cpp  **** 
  37:src/_new.cpp  **** 
  38:src/_new.cpp  **** //****************************MY MEMORY********************************
  39:src/_new.cpp  **** 
  40:src/_new.cpp  **** 
  41:src/_new.cpp  **** void *operator new(size_t n)
  42:src/_new.cpp  **** {
  12              		.loc 1 42 1
  13              		.cfi_startproc
  14              	.LVL0:
  15 0000 130101FF 		addi	sp,sp,-16
  16              		.cfi_def_cfa_offset 16
GAS LISTING /tmp/cc18FQhI.s 			page 2


  17 0004 23341100 		sd	ra,8(sp)
  18 0008 23308100 		sd	s0,0(sp)
  19              		.cfi_offset 1, -8
  20              		.cfi_offset 8, -16
  21 000c 13040101 		addi	s0,sp,16
  22              		.cfi_def_cfa 8, 0
  43:src/_new.cpp  ****     return MemoryAllocator::mem_alloc(n);
  23              		.loc 1 43 5
  24              		.loc 1 43 38 is_stmt 0
  25 0010 97000000 		call	_ZN15MemoryAllocator9mem_allocEm@plt
  25      E7800000 
  26              	.LVL1:
  44:src/_new.cpp  **** }
  27              		.loc 1 44 1
  28 0018 83308100 		ld	ra,8(sp)
  29              		.cfi_restore 1
  30 001c 03340100 		ld	s0,0(sp)
  31              		.cfi_restore 8
  32              		.cfi_def_cfa 2, 16
  33 0020 13010101 		addi	sp,sp,16
  34              		.cfi_def_cfa_offset 0
  35 0024 67800000 		jr	ra
  36              		.cfi_endproc
  37              	.LFE23:
  39              		.align	2
  40              		.globl	_Znam
  42              	_Znam:
  43              	.LFB24:
  45:src/_new.cpp  **** 
  46:src/_new.cpp  **** void *operator new[](size_t n)
  47:src/_new.cpp  **** {
  44              		.loc 1 47 1 is_stmt 1
  45              		.cfi_startproc
  46              	.LVL2:
  47 0028 130101FF 		addi	sp,sp,-16
  48              		.cfi_def_cfa_offset 16
  49 002c 23341100 		sd	ra,8(sp)
  50 0030 23308100 		sd	s0,0(sp)
  51              		.cfi_offset 1, -8
  52              		.cfi_offset 8, -16
  53 0034 13040101 		addi	s0,sp,16
  54              		.cfi_def_cfa 8, 0
  48:src/_new.cpp  ****     return MemoryAllocator::mem_alloc(n);
  55              		.loc 1 48 5
  56              		.loc 1 48 38 is_stmt 0
  57 0038 97000000 		call	_ZN15MemoryAllocator9mem_allocEm@plt
  57      E7800000 
  58              	.LVL3:
  49:src/_new.cpp  **** }
  59              		.loc 1 49 1
  60 0040 83308100 		ld	ra,8(sp)
  61              		.cfi_restore 1
  62 0044 03340100 		ld	s0,0(sp)
  63              		.cfi_restore 8
  64              		.cfi_def_cfa 2, 16
  65 0048 13010101 		addi	sp,sp,16
  66              		.cfi_def_cfa_offset 0
GAS LISTING /tmp/cc18FQhI.s 			page 3


  67 004c 67800000 		jr	ra
  68              		.cfi_endproc
  69              	.LFE24:
  71              		.align	2
  72              		.globl	_ZdlPv
  74              	_ZdlPv:
  75              	.LFB25:
  50:src/_new.cpp  **** 
  51:src/_new.cpp  **** void operator delete(void *p) noexcept
  52:src/_new.cpp  **** {
  76              		.loc 1 52 1 is_stmt 1
  77              		.cfi_startproc
  78              		.cfi_personality 0x9b,DW.ref.__gxx_personality_v0
  79              		.cfi_lsda 0x1b,.LLSDA25
  80              	.LVL4:
  81 0050 130101FF 		addi	sp,sp,-16
  82              		.cfi_def_cfa_offset 16
  83 0054 23341100 		sd	ra,8(sp)
  84 0058 23308100 		sd	s0,0(sp)
  85              		.cfi_offset 1, -8
  86              		.cfi_offset 8, -16
  87 005c 13040101 		addi	s0,sp,16
  88              		.cfi_def_cfa 8, 0
  53:src/_new.cpp  ****     MemoryAllocator::mem_free(p);
  89              		.loc 1 53 5
  90              		.loc 1 53 30 is_stmt 0
  91 0060 97000000 		call	_ZN15MemoryAllocator8mem_freeEPv@plt
  91      E7800000 
  92              	.LVL5:
  54:src/_new.cpp  **** }
  93              		.loc 1 54 1
  94 0068 83308100 		ld	ra,8(sp)
  95              		.cfi_restore 1
  96 006c 03340100 		ld	s0,0(sp)
  97              		.cfi_restore 8
  98              		.cfi_def_cfa 2, 16
  99 0070 13010101 		addi	sp,sp,16
 100              		.cfi_def_cfa_offset 0
 101 0074 67800000 		jr	ra
 102              		.cfi_endproc
 103              	.LFE25:
 104              		.globl	__gxx_personality_v0
 105              		.section	.gcc_except_table,"a",@progbits
 106              	.LLSDA25:
 107 0000 FF       		.byte	0xff
 108 0001 FF       		.byte	0xff
 109 0002 03       		.byte	0x3
 110 0003 00       		.byte	0
 111              		.text
 113              		.align	2
 114              		.globl	_ZdaPv
 116              	_ZdaPv:
 117              	.LFB26:
  55:src/_new.cpp  **** 
  56:src/_new.cpp  **** void operator delete[](void *p) noexcept
  57:src/_new.cpp  **** {
 118              		.loc 1 57 1 is_stmt 1
GAS LISTING /tmp/cc18FQhI.s 			page 4


 119              		.cfi_startproc
 120              		.cfi_personality 0x9b,DW.ref.__gxx_personality_v0
 121              		.cfi_lsda 0x1b,.LLSDA26
 122              	.LVL6:
 123 0078 130101FF 		addi	sp,sp,-16
 124              		.cfi_def_cfa_offset 16
 125 007c 23341100 		sd	ra,8(sp)
 126 0080 23308100 		sd	s0,0(sp)
 127              		.cfi_offset 1, -8
 128              		.cfi_offset 8, -16
 129 0084 13040101 		addi	s0,sp,16
 130              		.cfi_def_cfa 8, 0
  58:src/_new.cpp  ****     MemoryAllocator::mem_free(p);
 131              		.loc 1 58 5
 132              		.loc 1 58 30 is_stmt 0
 133 0088 97000000 		call	_ZN15MemoryAllocator8mem_freeEPv@plt
 133      E7800000 
 134              	.LVL7:
  59:src/_new.cpp  **** }
 135              		.loc 1 59 1
 136 0090 83308100 		ld	ra,8(sp)
 137              		.cfi_restore 1
 138 0094 03340100 		ld	s0,0(sp)
 139              		.cfi_restore 8
 140              		.cfi_def_cfa 2, 16
 141 0098 13010101 		addi	sp,sp,16
 142              		.cfi_def_cfa_offset 0
 143 009c 67800000 		jr	ra
 144              		.cfi_endproc
 145              	.LFE26:
 146              		.section	.gcc_except_table
 147              	.LLSDA26:
 148 0004 FF       		.byte	0xff
 149 0005 FF       		.byte	0xff
 150 0006 03       		.byte	0x3
 151 0007 00       		.byte	0
 152              		.text
 154              	.Letext0:
 155              		.file 2 "src/../lib/hw.h"
 156              		.file 3 "src/../h/memoryAllocator.hpp"
 1083              		.align	3
 1086              	DW.ref.__gxx_personality_v0:
 1087 0000 00000000 		.dword	__gxx_personality_v0
 1087      00000000 
 1088              		.ident	"GCC: (Ubuntu 9.4.0-1ubuntu1~20.04) 9.4.0"
 1089              		.section	.note.GNU-stack,"",@progbits
GAS LISTING /tmp/cc18FQhI.s 			page 5


DEFINED SYMBOLS
                            *ABS*:0000000000000000 _new.cpp
     /tmp/cc18FQhI.s:9      .text:0000000000000000 _Znwm
     /tmp/cc18FQhI.s:13     .text:0000000000000000 .L0 
     /tmp/cc18FQhI.s:15     .text:0000000000000000 .L0 
     /tmp/cc18FQhI.s:16     .text:0000000000000004 .L0 
     /tmp/cc18FQhI.s:19     .text:000000000000000c .L0 
     /tmp/cc18FQhI.s:20     .text:000000000000000c .L0 
     /tmp/cc18FQhI.s:22     .text:0000000000000010 .L0 
     /tmp/cc18FQhI.s:24     .text:0000000000000010 .L0 
     /tmp/cc18FQhI.s:25     .text:0000000000000010 .L0 
     /tmp/cc18FQhI.s:28     .text:0000000000000018 .L0 
     /tmp/cc18FQhI.s:29     .text:000000000000001c .L0 
     /tmp/cc18FQhI.s:31     .text:0000000000000020 .L0 
     /tmp/cc18FQhI.s:32     .text:0000000000000020 .L0 
     /tmp/cc18FQhI.s:34     .text:0000000000000024 .L0 
     /tmp/cc18FQhI.s:36     .text:0000000000000028 .L0 
     /tmp/cc18FQhI.s:42     .text:0000000000000028 _Znam
     /tmp/cc18FQhI.s:45     .text:0000000000000028 .L0 
     /tmp/cc18FQhI.s:47     .text:0000000000000028 .L0 
     /tmp/cc18FQhI.s:48     .text:000000000000002c .L0 
     /tmp/cc18FQhI.s:51     .text:0000000000000034 .L0 
     /tmp/cc18FQhI.s:52     .text:0000000000000034 .L0 
     /tmp/cc18FQhI.s:54     .text:0000000000000038 .L0 
     /tmp/cc18FQhI.s:56     .text:0000000000000038 .L0 
     /tmp/cc18FQhI.s:57     .text:0000000000000038 .L0 
     /tmp/cc18FQhI.s:60     .text:0000000000000040 .L0 
     /tmp/cc18FQhI.s:61     .text:0000000000000044 .L0 
     /tmp/cc18FQhI.s:63     .text:0000000000000048 .L0 
     /tmp/cc18FQhI.s:64     .text:0000000000000048 .L0 
     /tmp/cc18FQhI.s:66     .text:000000000000004c .L0 
     /tmp/cc18FQhI.s:68     .text:0000000000000050 .L0 
     /tmp/cc18FQhI.s:74     .text:0000000000000050 _ZdlPv
     /tmp/cc18FQhI.s:77     .text:0000000000000050 .L0 
     /tmp/cc18FQhI.s:1086   .data.rel.local.DW.ref.__gxx_personality_v0:0000000000000000 DW.ref.__gxx_personality_v0
     /tmp/cc18FQhI.s:81     .text:0000000000000050 .L0 
     /tmp/cc18FQhI.s:82     .text:0000000000000054 .L0 
     /tmp/cc18FQhI.s:85     .text:000000000000005c .L0 
     /tmp/cc18FQhI.s:86     .text:000000000000005c .L0 
     /tmp/cc18FQhI.s:88     .text:0000000000000060 .L0 
     /tmp/cc18FQhI.s:90     .text:0000000000000060 .L0 
     /tmp/cc18FQhI.s:91     .text:0000000000000060 .L0 
     /tmp/cc18FQhI.s:94     .text:0000000000000068 .L0 
     /tmp/cc18FQhI.s:95     .text:000000000000006c .L0 
     /tmp/cc18FQhI.s:97     .text:0000000000000070 .L0 
     /tmp/cc18FQhI.s:98     .text:0000000000000070 .L0 
     /tmp/cc18FQhI.s:100    .text:0000000000000074 .L0 
     /tmp/cc18FQhI.s:102    .text:0000000000000078 .L0 
     /tmp/cc18FQhI.s:116    .text:0000000000000078 _ZdaPv
     /tmp/cc18FQhI.s:119    .text:0000000000000078 .L0 
     /tmp/cc18FQhI.s:123    .text:0000000000000078 .L0 
     /tmp/cc18FQhI.s:124    .text:000000000000007c .L0 
     /tmp/cc18FQhI.s:127    .text:0000000000000084 .L0 
     /tmp/cc18FQhI.s:128    .text:0000000000000084 .L0 
     /tmp/cc18FQhI.s:130    .text:0000000000000088 .L0 
     /tmp/cc18FQhI.s:132    .text:0000000000000088 .L0 
     /tmp/cc18FQhI.s:133    .text:0000000000000088 .L0 
GAS LISTING /tmp/cc18FQhI.s 			page 6


     /tmp/cc18FQhI.s:136    .text:0000000000000090 .L0 
     /tmp/cc18FQhI.s:137    .text:0000000000000094 .L0 
     /tmp/cc18FQhI.s:139    .text:0000000000000098 .L0 
     /tmp/cc18FQhI.s:140    .text:0000000000000098 .L0 
     /tmp/cc18FQhI.s:142    .text:000000000000009c .L0 
     /tmp/cc18FQhI.s:144    .text:00000000000000a0 .L0 
     /tmp/cc18FQhI.s:157    .text:00000000000000a0 .L0 
     /tmp/cc18FQhI.s:512    .debug_abbrev:0000000000000000 .Ldebug_abbrev0
     /tmp/cc18FQhI.s:1062   .debug_str:000000000000023b .LASF34
     /tmp/cc18FQhI.s:1066   .debug_str:000000000000030e .LASF35
     /tmp/cc18FQhI.s:1026   .debug_str:0000000000000107 .LASF36
     /tmp/cc18FQhI.s:5      .text:0000000000000000 .Ltext0
     /tmp/cc18FQhI.s:154    .text:00000000000000a0 .Letext0
     /tmp/cc18FQhI.s:988    .debug_line:0000000000000000 .Ldebug_line0
     /tmp/cc18FQhI.s:1030   .debug_str:000000000000015e .LASF0
     /tmp/cc18FQhI.s:1032   .debug_str:000000000000016b .LASF1
     /tmp/cc18FQhI.s:1024   .debug_str:00000000000000f9 .LASF2
     /tmp/cc18FQhI.s:1014   .debug_str:00000000000000c2 .LASF4
     /tmp/cc18FQhI.s:1048   .debug_str:00000000000001d1 .LASF3
     /tmp/cc18FQhI.s:992    .debug_str:0000000000000010 .LASF5
     /tmp/cc18FQhI.s:1034   .debug_str:000000000000017e .LASF6
     /tmp/cc18FQhI.s:1028   .debug_str:000000000000014b .LASF7
     /tmp/cc18FQhI.s:1070   .debug_str:0000000000000320 .LASF8
     /tmp/cc18FQhI.s:1012   .debug_str:00000000000000b4 .LASF9
     /tmp/cc18FQhI.s:1040   .debug_str:000000000000019c .LASF10
     /tmp/cc18FQhI.s:1064   .debug_str:00000000000002ff .LASF11
     /tmp/cc18FQhI.s:994    .debug_str:0000000000000017 .LASF12
     /tmp/cc18FQhI.s:990    .debug_str:0000000000000000 .LASF13
     /tmp/cc18FQhI.s:996    .debug_str:0000000000000027 .LASF14
     /tmp/cc18FQhI.s:1044   .debug_str:00000000000001b4 .LASF15
     /tmp/cc18FQhI.s:998    .debug_str:0000000000000033 .LASF16
     /tmp/cc18FQhI.s:1006   .debug_str:000000000000007e .LASF17
     /tmp/cc18FQhI.s:1036   .debug_str:0000000000000191 .LASF18
     /tmp/cc18FQhI.s:1060   .debug_str:0000000000000231 .LASF37
     /tmp/cc18FQhI.s:1078   .debug_str:000000000000036d .LASF19
     /tmp/cc18FQhI.s:1074   .debug_str:000000000000033d .LASF20
     /tmp/cc18FQhI.s:1056   .debug_str:000000000000021e .LASF21
     /tmp/cc18FQhI.s:1020   .debug_str:00000000000000e2 .LASF38
     /tmp/cc18FQhI.s:1004   .debug_str:0000000000000079 .LASF22
     /tmp/cc18FQhI.s:1068   .debug_str:000000000000031b .LASF23
     /tmp/cc18FQhI.s:1050   .debug_str:00000000000001e3 .LASF24
     /tmp/cc18FQhI.s:1054   .debug_str:00000000000001fd .LASF26
     /tmp/cc18FQhI.s:1042   .debug_str:00000000000001ab .LASF25
     /tmp/cc18FQhI.s:1010   .debug_str:0000000000000093 .LASF27
     /tmp/cc18FQhI.s:1000   .debug_str:0000000000000049 .LASF39
     /tmp/cc18FQhI.s:1076   .debug_str:0000000000000342 .LASF40
     /tmp/cc18FQhI.s:1058   .debug_str:0000000000000223 .LASF41
     /tmp/cc18FQhI.s:1002   .debug_str:0000000000000053 .LASF42
     /tmp/cc18FQhI.s:1016   .debug_str:00000000000000c9 .LASF28
     /tmp/cc18FQhI.s:1046   .debug_str:00000000000001ca .LASF30
     /tmp/cc18FQhI.s:117    .text:0000000000000078 .LFB26
     /tmp/cc18FQhI.s:145    .text:00000000000000a0 .LFE26
     /tmp/cc18FQhI.s:919    .debug_loc:0000000000000000 .LLST3
     /tmp/cc18FQhI.s:134    .text:0000000000000090 .LVL7
     /tmp/cc18FQhI.s:1052   .debug_str:00000000000001ed .LASF29
     /tmp/cc18FQhI.s:1022   .debug_str:00000000000000f2 .LASF31
     /tmp/cc18FQhI.s:75     .text:0000000000000050 .LFB25
GAS LISTING /tmp/cc18FQhI.s 			page 7


     /tmp/cc18FQhI.s:103    .text:0000000000000078 .LFE25
     /tmp/cc18FQhI.s:933    .debug_loc:0000000000000039 .LLST2
     /tmp/cc18FQhI.s:92     .text:0000000000000068 .LVL5
     /tmp/cc18FQhI.s:1008   .debug_str:0000000000000083 .LASF43
     /tmp/cc18FQhI.s:1038   .debug_str:0000000000000196 .LASF44
     /tmp/cc18FQhI.s:43     .text:0000000000000028 .LFB24
     /tmp/cc18FQhI.s:69     .text:0000000000000050 .LFE24
     /tmp/cc18FQhI.s:947    .debug_loc:0000000000000072 .LLST1
     /tmp/cc18FQhI.s:58     .text:0000000000000040 .LVL3
     /tmp/cc18FQhI.s:1072   .debug_str:0000000000000330 .LASF32
     /tmp/cc18FQhI.s:1018   .debug_str:00000000000000dc .LASF33
     /tmp/cc18FQhI.s:10     .text:0000000000000000 .LFB23
     /tmp/cc18FQhI.s:37     .text:0000000000000028 .LFE23
     /tmp/cc18FQhI.s:961    .debug_loc:00000000000000ab .LLST0
     /tmp/cc18FQhI.s:26     .text:0000000000000018 .LVL1
     /tmp/cc18FQhI.s:122    .text:0000000000000078 .LVL6
     /tmp/cc18FQhI.s:80     .text:0000000000000050 .LVL4
     /tmp/cc18FQhI.s:46     .text:0000000000000028 .LVL2
     /tmp/cc18FQhI.s:14     .text:0000000000000000 .LVL0
     /tmp/cc18FQhI.s:158    .debug_info:0000000000000000 .Ldebug_info0
     /tmp/cc18FQhI.s:106    .gcc_except_table:0000000000000000 .LLSDA25
     /tmp/cc18FQhI.s:147    .gcc_except_table:0000000000000004 .LLSDA26

UNDEFINED SYMBOLS
_ZN15MemoryAllocator9mem_allocEm
_ZN15MemoryAllocator8mem_freeEPv
__gxx_personality_v0
